0 info it worked if it ends with ok
1 verbose cli [ '/Users/Ollie/.nvm/versions/node/v4.4.0/bin/node',
1 verbose cli   '/Users/Ollie/.nvm/versions/node/v4.4.0/bin/npm',
1 verbose cli   'start' ]
2 info using npm@2.14.20
3 info using node@v4.4.0
4 verbose stack Error: Failed to parse json
4 verbose stack Trailing comma in object at 17:3
4 verbose stack   },
4 verbose stack   ^
4 verbose stack     at parseError (/Users/Ollie/.nvm/versions/node/v4.4.0/lib/node_modules/npm/node_modules/read-package-json/read-json.js:379:11)
4 verbose stack     at parseJson (/Users/Ollie/.nvm/versions/node/v4.4.0/lib/node_modules/npm/node_modules/read-package-json/read-json.js:68:23)
4 verbose stack     at /Users/Ollie/.nvm/versions/node/v4.4.0/lib/node_modules/npm/node_modules/read-package-json/read-json.js:48:5
4 verbose stack     at /Users/Ollie/.nvm/versions/node/v4.4.0/lib/node_modules/npm/node_modules/graceful-fs/graceful-fs.js:78:16
4 verbose stack     at FSReqWrap.readFileAfterClose [as oncomplete] (fs.js:380:3)
5 verbose cwd /Users/Ollie/Documents/projects/sc-react-redux
6 error Darwin 14.5.0
7 error argv "/Users/Ollie/.nvm/versions/node/v4.4.0/bin/node" "/Users/Ollie/.nvm/versions/node/v4.4.0/bin/npm" "start"
8 error node v4.4.0
9 error npm  v2.14.20
10 error file /Users/Ollie/Documents/projects/sc-react-redux/package.json
11 error code EJSONPARSE
12 error Failed to parse json
12 error Trailing comma in object at 17:3
12 error   },
12 error   ^
13 error File: /Users/Ollie/Documents/projects/sc-react-redux/package.json
14 error Failed to parse package.json data.
14 error package.json must be actual JSON, not just JavaScript.
14 error
14 error This is not a bug in npm.
14 error Tell the package author to fix their package.json file. JSON.parse
15 verbose exit [ 1, true ]
